<component name="libraryTable">
  <library name="junit-4.7">
    <CLASSES>
      <root url="jar://$PROJECT_DIR$/web/WEB-INF/lib/junit-4.7.jar!/" />
      <root url="jar://$PROJECT_DIR$/web/WEB-INF/lib/log4j-1.2.17.jar!/" />
    </CLASSES>
    <JAVADOC />
    <SOURCES />
  </library>
</component>